[    1035ms] [LOG] %cNew Pop Convert is live! color: #a855f7; font-weight: bold; @ https://script.pop-convert.com/new-micro/production.pc.min.js:19
[    1035ms] [LOG] %cV1.2 color: #a855f7; font-weight: bold; @ https://script.pop-convert.com/new-micro/production.pc.min.js:19
[    1035ms] [LOG] %cEnvironment: production color: #22c55e; font-weight: bold; @ https://script.pop-convert.com/new-micro/production.pc.min.js:19
[    1505ms] [WARNING] [Meta Pixel] - Unable to parse JSON-LD tag. Malformed JSON found: '
  
'. @ https://connect.facebook.net/en_US/fbevents.js:177
[    2035ms] [ERROR] Failed to load resource: the server responded with a status of 404 () @ https://www.theimmortalvibes.com/favicon.ico:0
[   11411ms] [WARNING] The resource https://uc.pop-convert.com/189ecebe-84f4-460c-b46f-d7f707702a36/ was preloaded using link preload but not used within a few seconds from the window's load event. Please make sure it has an appropriate `as` value and it is preloaded intentionally. @ https://www.theimmortalvibes.com/:0
[   11411ms] [WARNING] The resource https://uc.pop-convert.com/9485f680-c172-46d7-917a-5549fa3e910a/ was preloaded using link preload but not used within a few seconds from the window's load event. Please make sure it has an appropriate `as` value and it is preloaded intentionally. @ https://www.theimmortalvibes.com/:0
[   11411ms] [WARNING] The resource https://uc.pop-convert.com/8bfea662-3359-42d5-95de-c525500beb4c/ was preloaded using link preload but not used within a few seconds from the window's load event. Please make sure it has an appropriate `as` value and it is preloaded intentionally. @ https://www.theimmortalvibes.com/:0
[   11411ms] [WARNING] The resource https://uc.pop-convert.com/811dd614-095f-4d41-a3a1-aec89d3fc420/ was preloaded using link preload but not used within a few seconds from the window's load event. Please make sure it has an appropriate `as` value and it is preloaded intentionally. @ https://www.theimmortalvibes.com/:0
[   35480ms] [WARNING] The resource https://uc.pop-convert.com/189ecebe-84f4-460c-b46f-d7f707702a36/ was preloaded using link preload but not used within a few seconds from the window's load event. Please make sure it has an appropriate `as` value and it is preloaded intentionally. @ https://www.theimmortalvibes.com/:0
[   35480ms] [WARNING] The resource https://uc.pop-convert.com/9485f680-c172-46d7-917a-5549fa3e910a/ was preloaded using link preload but not used within a few seconds from the window's load event. Please make sure it has an appropriate `as` value and it is preloaded intentionally. @ https://www.theimmortalvibes.com/:0
[   35480ms] [WARNING] The resource https://uc.pop-convert.com/8bfea662-3359-42d5-95de-c525500beb4c/ was preloaded using link preload but not used within a few seconds from the window's load event. Please make sure it has an appropriate `as` value and it is preloaded intentionally. @ https://www.theimmortalvibes.com/:0
[   35480ms] [WARNING] The resource https://uc.pop-convert.com/811dd614-095f-4d41-a3a1-aec89d3fc420/ was preloaded using link preload but not used within a few seconds from the window's load event. Please make sure it has an appropriate `as` value and it is preloaded intentionally. @ https://www.theimmortalvibes.com/:0
[   71692ms] [WARNING] The resource https://uc.pop-convert.com/189ecebe-84f4-460c-b46f-d7f707702a36/ was preloaded using link preload but not used within a few seconds from the window's load event. Please make sure it has an appropriate `as` value and it is preloaded intentionally. @ https://www.theimmortalvibes.com/:0
[   71692ms] [WARNING] The resource https://uc.pop-convert.com/9485f680-c172-46d7-917a-5549fa3e910a/ was preloaded using link preload but not used within a few seconds from the window's load event. Please make sure it has an appropriate `as` value and it is preloaded intentionally. @ https://www.theimmortalvibes.com/:0
[   71692ms] [WARNING] The resource https://uc.pop-convert.com/8bfea662-3359-42d5-95de-c525500beb4c/ was preloaded using link preload but not used within a few seconds from the window's load event. Please make sure it has an appropriate `as` value and it is preloaded intentionally. @ https://www.theimmortalvibes.com/:0
[   71692ms] [WARNING] The resource https://uc.pop-convert.com/811dd614-095f-4d41-a3a1-aec89d3fc420/ was preloaded using link preload but not used within a few seconds from the window's load event. Please make sure it has an appropriate `as` value and it is preloaded intentionally. @ https://www.theimmortalvibes.com/:0
[  304095ms] [WARNING] The resource https://uc.pop-convert.com/189ecebe-84f4-460c-b46f-d7f707702a36/ was preloaded using link preload but not used within a few seconds from the window's load event. Please make sure it has an appropriate `as` value and it is preloaded intentionally. @ https://www.theimmortalvibes.com/:0
[  304095ms] [WARNING] The resource https://uc.pop-convert.com/9485f680-c172-46d7-917a-5549fa3e910a/ was preloaded using link preload but not used within a few seconds from the window's load event. Please make sure it has an appropriate `as` value and it is preloaded intentionally. @ https://www.theimmortalvibes.com/:0
[  304095ms] [WARNING] The resource https://uc.pop-convert.com/8bfea662-3359-42d5-95de-c525500beb4c/ was preloaded using link preload but not used within a few seconds from the window's load event. Please make sure it has an appropriate `as` value and it is preloaded intentionally. @ https://www.theimmortalvibes.com/:0
[  304095ms] [WARNING] The resource https://uc.pop-convert.com/811dd614-095f-4d41-a3a1-aec89d3fc420/ was preloaded using link preload but not used within a few seconds from the window's load event. Please make sure it has an appropriate `as` value and it is preloaded intentionally. @ https://www.theimmortalvibes.com/:0
[  604089ms] [WARNING] The resource https://uc.pop-convert.com/189ecebe-84f4-460c-b46f-d7f707702a36/ was preloaded using link preload but not used within a few seconds from the window's load event. Please make sure it has an appropriate `as` value and it is preloaded intentionally. @ https://www.theimmortalvibes.com/:0
[  604089ms] [WARNING] The resource https://uc.pop-convert.com/9485f680-c172-46d7-917a-5549fa3e910a/ was preloaded using link preload but not used within a few seconds from the window's load event. Please make sure it has an appropriate `as` value and it is preloaded intentionally. @ https://www.theimmortalvibes.com/:0
[  604089ms] [WARNING] The resource https://uc.pop-convert.com/8bfea662-3359-42d5-95de-c525500beb4c/ was preloaded using link preload but not used within a few seconds from the window's load event. Please make sure it has an appropriate `as` value and it is preloaded intentionally. @ https://www.theimmortalvibes.com/:0
[  604089ms] [WARNING] The resource https://uc.pop-convert.com/811dd614-095f-4d41-a3a1-aec89d3fc420/ was preloaded using link preload but not used within a few seconds from the window's load event. Please make sure it has an appropriate `as` value and it is preloaded intentionally. @ https://www.theimmortalvibes.com/:0
[  904096ms] [WARNING] The resource https://uc.pop-convert.com/189ecebe-84f4-460c-b46f-d7f707702a36/ was preloaded using link preload but not used within a few seconds from the window's load event. Please make sure it has an appropriate `as` value and it is preloaded intentionally. @ https://www.theimmortalvibes.com/:0
[  904096ms] [WARNING] The resource https://uc.pop-convert.com/9485f680-c172-46d7-917a-5549fa3e910a/ was preloaded using link preload but not used within a few seconds from the window's load event. Please make sure it has an appropriate `as` value and it is preloaded intentionally. @ https://www.theimmortalvibes.com/:0
[  904096ms] [WARNING] The resource https://uc.pop-convert.com/8bfea662-3359-42d5-95de-c525500beb4c/ was preloaded using link preload but not used within a few seconds from the window's load event. Please make sure it has an appropriate `as` value and it is preloaded intentionally. @ https://www.theimmortalvibes.com/:0
[  904096ms] [WARNING] The resource https://uc.pop-convert.com/811dd614-095f-4d41-a3a1-aec89d3fc420/ was preloaded using link preload but not used within a few seconds from the window's load event. Please make sure it has an appropriate `as` value and it is preloaded intentionally. @ https://www.theimmortalvibes.com/:0
[ 1204084ms] [WARNING] The resource https://uc.pop-convert.com/189ecebe-84f4-460c-b46f-d7f707702a36/ was preloaded using link preload but not used within a few seconds from the window's load event. Please make sure it has an appropriate `as` value and it is preloaded intentionally. @ https://www.theimmortalvibes.com/:0
[ 1204084ms] [WARNING] The resource https://uc.pop-convert.com/9485f680-c172-46d7-917a-5549fa3e910a/ was preloaded using link preload but not used within a few seconds from the window's load event. Please make sure it has an appropriate `as` value and it is preloaded intentionally. @ https://www.theimmortalvibes.com/:0
[ 1204084ms] [WARNING] The resource https://uc.pop-convert.com/8bfea662-3359-42d5-95de-c525500beb4c/ was preloaded using link preload but not used within a few seconds from the window's load event. Please make sure it has an appropriate `as` value and it is preloaded intentionally. @ https://www.theimmortalvibes.com/:0
[ 1204084ms] [WARNING] The resource https://uc.pop-convert.com/811dd614-095f-4d41-a3a1-aec89d3fc420/ was preloaded using link preload but not used within a few seconds from the window's load event. Please make sure it has an appropriate `as` value and it is preloaded intentionally. @ https://www.theimmortalvibes.com/:0
[ 1504090ms] [WARNING] The resource https://uc.pop-convert.com/189ecebe-84f4-460c-b46f-d7f707702a36/ was preloaded using link preload but not used within a few seconds from the window's load event. Please make sure it has an appropriate `as` value and it is preloaded intentionally. @ https://www.theimmortalvibes.com/:0
[ 1504090ms] [WARNING] The resource https://uc.pop-convert.com/9485f680-c172-46d7-917a-5549fa3e910a/ was preloaded using link preload but not used within a few seconds from the window's load event. Please make sure it has an appropriate `as` value and it is preloaded intentionally. @ https://www.theimmortalvibes.com/:0
[ 1504090ms] [WARNING] The resource https://uc.pop-convert.com/8bfea662-3359-42d5-95de-c525500beb4c/ was preloaded using link preload but not used within a few seconds from the window's load event. Please make sure it has an appropriate `as` value and it is preloaded intentionally. @ https://www.theimmortalvibes.com/:0
[ 1504090ms] [WARNING] The resource https://uc.pop-convert.com/811dd614-095f-4d41-a3a1-aec89d3fc420/ was preloaded using link preload but not used within a few seconds from the window's load event. Please make sure it has an appropriate `as` value and it is preloaded intentionally. @ https://www.theimmortalvibes.com/:0
